<?xml version="1.0" encoding="UTF-8"?>
<!-- Generated by org.testng.reporters.JUnitXMLReporter -->
<testsuite ignored="0" hostname="192.168.0.100" failures="0" tests="9" name="Default test" time="7.28" errors="0" timestamp="2023-03-15T00:21:15 PKT">
  <testcase classname="POM.MainRunnerClass" name="@BeforeTest setup" time="7.177">
    <failure type="org.openqa.selenium.SessionNotCreatedException" message="Could not start a new session. Response code 500. Message: session not created: This version of ChromeDriver only supports Chrome version 108
Current browser version is 111.0.5563.64 with binary path /Applications/Google Chrome.app/Contents/MacOS/Google Chrome 
Host info: host: &amp;apos;192.168.0.100&amp;apos;, ip: &amp;apos;fe80:0:0:0:102a:226a:36eb:f8cc%en0&amp;apos;
Build info: version: &amp;apos;4.7.2&amp;apos;, revision: &amp;apos;4d4020c3b7&amp;apos;
System info: os.name: &amp;apos;Mac OS X&amp;apos;, os.arch: &amp;apos;x86_64&amp;apos;, os.version: &amp;apos;12.6&amp;apos;, java.version: &amp;apos;17.0.5&amp;apos;
Driver info: org.openqa.selenium.chrome.ChromeDriver
Command: [null, newSession {capabilities=[Capabilities {browserName: chrome, goog:chromeOptions: {args: [], extensions: []}}], desiredCapabilities=Capabilities {browserName: chrome, goog:chromeOptions: {args: [], extensions: []}}}]">
      <![CDATA[org.openqa.selenium.SessionNotCreatedException: Could not start a new session. Response code 500. Message: session not created: This version of ChromeDriver only supports Chrome version 108
Current browser version is 111.0.5563.64 with binary path /Applications/Google Chrome.app/Contents/MacOS/Google Chrome 
Host info: host: '192.168.0.100', ip: 'fe80:0:0:0:102a:226a:36eb:f8cc%en0'
Build info: version: '4.7.2', revision: '4d4020c3b7'
System info: os.name: 'Mac OS X', os.arch: 'x86_64', os.version: '12.6', java.version: '17.0.5'
Driver info: org.openqa.selenium.chrome.ChromeDriver
Command: [null, newSession {capabilities=[Capabilities {browserName: chrome, goog:chromeOptions: {args: [], extensions: []}}], desiredCapabilities=Capabilities {browserName: chrome, goog:chromeOptions: {args: [], extensions: []}}}]
at org.openqa.selenium.remote.ProtocolHandshake.createSession(ProtocolHandshake.java:148)
at org.openqa.selenium.remote.ProtocolHandshake.createSession(ProtocolHandshake.java:106)
at org.openqa.selenium.remote.ProtocolHandshake.createSession(ProtocolHandshake.java:67)
at org.openqa.selenium.remote.HttpCommandExecutor.execute(HttpCommandExecutor.java:156)
at org.openqa.selenium.remote.service.DriverCommandExecutor.invokeExecute(DriverCommandExecutor.java:167)
at org.openqa.selenium.remote.service.DriverCommandExecutor.execute(DriverCommandExecutor.java:142)
at org.openqa.selenium.remote.RemoteWebDriver.execute(RemoteWebDriver.java:535)
at org.openqa.selenium.remote.RemoteWebDriver.startSession(RemoteWebDriver.java:228)
at org.openqa.selenium.remote.RemoteWebDriver.<init>(RemoteWebDriver.java:156)
at org.openqa.selenium.chromium.ChromiumDriver.<init>(ChromiumDriver.java:101)
at org.openqa.selenium.chrome.ChromeDriver.<init>(ChromeDriver.java:82)
at org.openqa.selenium.chrome.ChromeDriver.<init>(ChromeDriver.java:50)
at POM.MainRunnerClass.setup(MainRunnerClass.java:82)
at java.base/jdk.internal.reflect.NativeMethodAccessorImpl.invoke0(Native Method)
at java.base/jdk.internal.reflect.NativeMethodAccessorImpl.invoke(NativeMethodAccessorImpl.java:77)
at java.base/jdk.internal.reflect.DelegatingMethodAccessorImpl.invoke(DelegatingMethodAccessorImpl.java:43)
at java.base/java.lang.reflect.Method.invoke(Method.java:568)
at org.testng.internal.MethodInvocationHelper.invokeMethod(MethodInvocationHelper.java:133)
at org.testng.internal.MethodInvocationHelper.invokeMethodConsideringTimeout(MethodInvocationHelper.java:62)
at org.testng.internal.ConfigInvoker.invokeConfigurationMethod(ConfigInvoker.java:385)
at org.testng.internal.ConfigInvoker.invokeConfigurations(ConfigInvoker.java:321)
at org.testng.TestRunner.invokeTestConfigurations(TestRunner.java:637)
at org.testng.TestRunner.beforeRun(TestRunner.java:627)
at org.testng.TestRunner.run(TestRunner.java:589)
at org.testng.SuiteRunner.runTest(SuiteRunner.java:377)
at org.testng.SuiteRunner.runSequentially(SuiteRunner.java:371)
at org.testng.SuiteRunner.privateRun(SuiteRunner.java:332)
at org.testng.SuiteRunner.run(SuiteRunner.java:276)
at org.testng.SuiteRunnerWorker.runSuite(SuiteRunnerWorker.java:53)
at org.testng.SuiteRunnerWorker.run(SuiteRunnerWorker.java:96)
at org.testng.TestNG.runSuitesSequentially(TestNG.java:1212)
at org.testng.TestNG.runSuitesLocally(TestNG.java:1134)
at org.testng.TestNG.runSuites(TestNG.java:1063)
at org.testng.TestNG.run(TestNG.java:1031)
at org.testng.remote.AbstractRemoteTestNG.run(AbstractRemoteTestNG.java:115)
at org.testng.remote.RemoteTestNG.initAndRun(RemoteTestNG.java:251)
at org.testng.remote.RemoteTestNG.main(RemoteTestNG.java:77)
]]>
    </failure>
  </testcase> <!-- @BeforeTest setup -->
  <testcase classname="POM.MainRunnerClass" name="@AfterTest teardown" time="-1.678821675243E9">
    <skipped/>
  </testcase> <!-- @AfterTest teardown -->
  <testcase classname="POM.MainRunnerClass" name="UserProfileButton_Testcase" time="0.0">
    <skipped/>
  </testcase> <!-- UserProfileButton_Testcase -->
  <testcase classname="POM.MainRunnerClass" name="ClickonSignIn_Testcase" time="0.0">
    <skipped/>
  </testcase> <!-- ClickonSignIn_Testcase -->
  <testcase classname="POM.MainRunnerClass" name="Enter_EmailAddressandPassword_ClickContinue_Testcase" time="0.0">
    <skipped/>
  </testcase> <!-- Enter_EmailAddressandPassword_ClickContinue_Testcase -->
  <testcase classname="POM.MainRunnerClass" name="Click_AccountIcon_Testcase" time="0.0">
    <skipped/>
  </testcase> <!-- Click_AccountIcon_Testcase -->
  <testcase classname="POM.MainRunnerClass" name="AddressbookWhenNoAddressAdded_Testcase" time="0.0">
    <skipped/>
  </testcase> <!-- AddressbookWhenNoAddressAdded_Testcase -->
  <testcase classname="POM.MainRunnerClass" name="AddNewAddress_Testcase" time="0.0">
    <skipped/>
  </testcase> <!-- AddNewAddress_Testcase -->
  <testcase classname="POM.MainRunnerClass" name="SaveandVerifyAddress_Testcase" time="0.0">
    <skipped/>
  </testcase> <!-- SaveandVerifyAddress_Testcase -->
  <testcase classname="POM.MainRunnerClass" name="SearchIcon_TestCase" time="0.0">
    <skipped/>
  </testcase> <!-- SearchIcon_TestCase -->
  <testcase classname="POM.MainRunnerClass" name="SelectProductFromPLP_TestCase" time="0.0">
    <skipped/>
  </testcase> <!-- SelectProductFromPLP_TestCase -->
</testsuite> <!-- Default test -->
